Using pre-set license
Built from '2020.3/china_unity/release' branch; Version is '2020.3.24f1c2 (f3616f7ef48a) revision 15950191'; Using compiler version '192528614'; Build Type 'Release'
OS: 'Windows 11  (10.0.22000) 64bit CoreCountrySpecific' Language: 'zh' Physical Memory: 16044 MB
BatchMode: 1, IsHumanControllingUs: 0, StartBugReporterOnCrash: 0, Is64bit: 1, IsPro: 0

COMMAND LINE ARGUMENTS:
D:\Unity\2020.3.24f1c2\Editor\Unity.exe
-adb2
-batchMode
-noUpm
-name
AssetImportWorker0
-projectPath
E:/git_progarm/Skadi-the-Corrupted-Heart
-logFile
Logs/AssetImportWorker0.log
-srvPort
57774
Successfully changed project path to: E:/git_progarm/Skadi-the-Corrupted-Heart
E:/git_progarm/Skadi-the-Corrupted-Heart
Using Asset Import Pipeline V2.
AS: AutoStreaming module initializing.Refreshing native plugins compatible for Editor in 36.03 ms, found 2 plugins.
Preloading 0 native plugins for Editor in 0.00 ms.
Initialize engine version: 2020.3.24f1c2 (f3616f7ef48a)
[Subsystems] Discovering subsystems at path D:/Unity/2020.3.24f1c2/Editor/Data/Resources/UnitySubsystems
[Subsystems] Discovering subsystems at path E:/git_progarm/Skadi-the-Corrupted-Heart/Assets
GfxDevice: creating device client; threaded=0
Direct3D:
    Version:  Direct3D 11.0 [level 11.1]
    Renderer: NVIDIA GeForce RTX 3070 Ti Laptop GPU (ID=0x24a0)
    Vendor:   
    VRAM:     8043 MB
    Driver:   30.0.15.1169
Initialize mono
Mono path[0] = 'D:/Unity/2020.3.24f1c2/Editor/Data/Managed'
Mono path[1] = 'D:/Unity/2020.3.24f1c2/Editor/Data/MonoBleedingEdge/lib/mono/unityjit'
Mono config path = 'D:/Unity/2020.3.24f1c2/Editor/Data/MonoBleedingEdge/etc'
Using monoOptions --debugger-agent=transport=dt_socket,embedding=1,server=y,suspend=n,address=127.0.0.1:56156
Begin MonoManager ReloadAssembly
Registering precompiled unity dll's ...
Register platform support module: D:/Unity/2020.3.24f1c2/Editor/Data/PlaybackEngines/WindowsStandaloneSupport/UnityEditor.WindowsStandalone.Extensions.dll
Registered in 0.000459 seconds.
Native extension for WindowsStandalone target not found
Refreshing native plugins compatible for Editor in 40.92 ms, found 2 plugins.
Preloading 0 native plugins for Editor in 0.00 ms.
Mono: successfully reloaded assembly
- Completed reload, in  0.360 seconds
Domain Reload Profiling:
	ReloadAssembly (360ms)
		BeginReloadAssembly (27ms)
			ExecutionOrderSort (0ms)
			DisableScriptedObjects (0ms)
			BackupInstance (0ms)
			ReleaseScriptingObjects (0ms)
			CreateAndSetChildDomain (0ms)
		EndReloadAssembly (288ms)
			LoadAssemblies (27ms)
			RebuildTransferFunctionScriptingTraits (0ms)
			SetupTypeCache (92ms)
			ReleaseScriptCaches (0ms)
			RebuildScriptCaches (17ms)
			SetupLoadedEditorAssemblies (119ms)
				LogAssemblyErrors (0ms)
				InitializePlatformSupportModulesInManaged (3ms)
				SetLoadedEditorAssemblies (0ms)
				RefreshPlugins (41ms)
				BeforeProcessingInitializeOnLoad (6ms)
				ProcessInitializeOnLoadAttributes (51ms)
				ProcessInitializeOnLoadMethodAttributes (18ms)
				AfterProcessingInitializeOnLoad (0ms)
				EditorAssembliesLoaded (0ms)
			ExecutionOrderSort2 (0ms)
			AwakeInstancesAfterBackupRestoration (0ms)
Platform modules already initialized, skipping
Registering precompiled user dll's ...
Registered in 0.003328 seconds.
Begin MonoManager ReloadAssembly
Native extension for WindowsStandalone target not found
Refreshing native plugins compatible for Editor in 34.38 ms, found 2 plugins.
Preloading 0 native plugins for Editor in 0.00 ms.
Mono: successfully reloaded assembly
- Completed reload, in  0.996 seconds
Domain Reload Profiling:
	ReloadAssembly (996ms)
		BeginReloadAssembly (110ms)
			ExecutionOrderSort (0ms)
			DisableScriptedObjects (2ms)
			BackupInstance (0ms)
			ReleaseScriptingObjects (0ms)
			CreateAndSetChildDomain (40ms)
		EndReloadAssembly (851ms)
			LoadAssemblies (57ms)
			RebuildTransferFunctionScriptingTraits (0ms)
			SetupTypeCache (199ms)
			ReleaseScriptCaches (0ms)
			RebuildScriptCaches (29ms)
			SetupLoadedEditorAssemblies (499ms)
				LogAssemblyErrors (0ms)
				InitializePlatformSupportModulesInManaged (2ms)
				SetLoadedEditorAssemblies (0ms)
				RefreshPlugins (34ms)
				BeforeProcessingInitializeOnLoad (42ms)
				ProcessInitializeOnLoadAttributes (412ms)
				ProcessInitializeOnLoadMethodAttributes (8ms)
				AfterProcessingInitializeOnLoad (1ms)
				EditorAssembliesLoaded (0ms)
			ExecutionOrderSort2 (0ms)
			AwakeInstancesAfterBackupRestoration (4ms)
Platform modules already initialized, skipping
========================================================================
Worker process is ready to serve import requests
Launched and connected shader compiler UnityShaderCompiler.exe after 0.04 seconds
Refreshing native plugins compatible for Editor in 0.47 ms, found 2 plugins.
Preloading 0 native plugins for Editor in 0.00 ms.
Unloading 3030 Unused Serialized files (Serialized files now loaded: 0)
System memory in use before: 155.3 MB.
System memory in use after: 154.2 MB.

Unloading 40 unused Assets to reduce memory usage. Loaded Objects now: 3476.
Total: 3.633300 ms (FindLiveObjects: 0.211400 ms CreateObjectMapping: 0.076300 ms MarkObjects: 2.723100 ms  DeleteObjects: 0.621600 ms)

AssetImportParameters requested are different than current active one (requested -> active):
  custom:framework-win-MediaFoundation: 216162199b28c13a410421893ffa2e32 -> 
  custom:video-decoder-ogg-theora: a1e56fd34408186e4bbccfd4996cb3dc -> 
  custom:container-muxer-webm: aa71ff27fc2769a1b78a27578f13a17b -> 
  custom:container-demuxer-webm: 4f35f7cbe854078d1ac9338744f61a02 -> 
  custom:container-demuxer-ogg: 62fdf1f143b41e24485cea50d1cbac27 -> 
  custom:video-encoder-webm-vp8: eb34c28f22e8b96e1ab97ce403110664 -> 
  custom:video-codec-MediaFoundation-h265: 746d11721c4dcdbdad8f713fa42b33f4 -> 
  custom:video-decoder-webm-vp8: 9c59270c3fd7afecdb556c50c9e8de78 -> 
  custom:audio-decoder-ogg-vorbis: bf7c407c2cedff20999df2af8eb42d56 -> 
  custom:audio-encoder-webm-vorbis: bf7c407c2cedff20999df2af8eb42d56 -> 
========================================================================
Received Import Request.
  path: Assets/ExampleAssets/Shader
  artifactKey: Guid(19b127853a1341d45891b471877793e2) Importer(815301076,1909f56bfc062723c751e8b465ee728b)
Start importing Assets/ExampleAssets/Shader using Guid(19b127853a1341d45891b471877793e2) Importer(815301076,1909f56bfc062723c751e8b465ee728b)  -> (artifact id: '7d2e6d011dc7ec09d18fcddadb835859') in 0.009428 seconds 
  Import took 0.013753 seconds .

========================================================================
Received Import Request.
  Time since last request: 0.651467 seconds.
  path: Assets/ExampleAssets/Shader/04
  artifactKey: Guid(748bfd15c73b980438484765c59face5) Importer(815301076,1909f56bfc062723c751e8b465ee728b)
Start importing Assets/ExampleAssets/Shader/04 using Guid(748bfd15c73b980438484765c59face5) Importer(815301076,1909f56bfc062723c751e8b465ee728b)  -> (artifact id: '06463803d3fbbbaf5b8fa209b8e00d67') in 0.005801 seconds 
  Import took 0.009805 seconds .

========================================================================
Received Import Request.
  Time since last request: 0.026861 seconds.
  path: Assets/ExampleAssets/Shader/04/_04Material.mat
  artifactKey: Guid(115d36cb16cbf584eaddb895124733b7) Importer(815301076,1909f56bfc062723c751e8b465ee728b)
Start importing Assets/ExampleAssets/Shader/04/_04Material.mat using Guid(115d36cb16cbf584eaddb895124733b7) Importer(815301076,1909f56bfc062723c751e8b465ee728b)  -> (artifact id: 'e5f05f07eb8e9e8335c440274c986183') in 0.076715 seconds 
  Import took 0.080558 seconds .

========================================================================
Received Import Request.
  Time since last request: 0.000174 seconds.
  path: Assets/ExampleAssets/Shader/04/Plane.prefab
  artifactKey: Guid(213c97781c26ba640bf9b23f5c31ed65) Importer(815301076,1909f56bfc062723c751e8b465ee728b)
Start importing Assets/ExampleAssets/Shader/04/Plane.prefab using Guid(213c97781c26ba640bf9b23f5c31ed65) Importer(815301076,1909f56bfc062723c751e8b465ee728b)  -> (artifact id: '949082f1d749dee9accdf51a768f77fe') in 0.019879 seconds 
  Import took 0.023830 seconds .

========================================================================
Received Import Request.
  Time since last request: 2.888849 seconds.
  path: Assets/ExampleAssets/Shader/04/_04shader.shadergraph
  artifactKey: Guid(ed1e6e63c2ae7d54083d37ed4e3c0149) Importer(815301076,1909f56bfc062723c751e8b465ee728b)
Start importing Assets/ExampleAssets/Shader/04/_04shader.shadergraph using Guid(ed1e6e63c2ae7d54083d37ed4e3c0149) Importer(815301076,1909f56bfc062723c751e8b465ee728b)  -> (artifact id: '96e2d3d953605ba04555063e543f1316') in 0.007232 seconds 
  Import took 0.010939 seconds .

========================================================================
Received Import Request.
  Time since last request: 242.192394 seconds.
  path: Assets/Editor/SpineSettings.asset
  artifactKey: Guid(d482a10f497bdad46a80dc28ff32a6f4) Importer(815301076,1909f56bfc062723c751e8b465ee728b)
Start importing Assets/Editor/SpineSettings.asset using Guid(d482a10f497bdad46a80dc28ff32a6f4) Importer(815301076,1909f56bfc062723c751e8b465ee728b)  -> (artifact id: '80d93c5d4178aa38e077fdbfed4e4e3e') in 0.011818 seconds 
  Import took 0.018007 seconds .

========================================================================
Received Import Request.
  Time since last request: 16.697488 seconds.
  path: Assets/model/effect/rain.shader
  artifactKey: Guid(e1ff9fbb9e3e40341b51390a630777dc) Importer(815301076,1909f56bfc062723c751e8b465ee728b)
Start importing Assets/model/effect/rain.shader using Guid(e1ff9fbb9e3e40341b51390a630777dc) Importer(815301076,1909f56bfc062723c751e8b465ee728b)  -> (artifact id: '5bfd7bda85edf691bfb947b64feeb907') in 0.006798 seconds 
  Import took 0.010461 seconds .

========================================================================
Received Import Request.
  Time since last request: 44.726339 seconds.
  path: Assets/model/effect/rain.shader
  artifactKey: Guid(e1ff9fbb9e3e40341b51390a630777dc) Importer(815301076,1909f56bfc062723c751e8b465ee728b)
Start importing Assets/model/effect/rain.shader using Guid(e1ff9fbb9e3e40341b51390a630777dc) Importer(815301076,1909f56bfc062723c751e8b465ee728b)  -> (artifact id: 'c1d3541cb542f5ad142f69108ad4855b') in 0.004038 seconds 
  Import took 0.009607 seconds .

========================================================================
Received Import Request.
  Time since last request: 28.274667 seconds.
  path: Assets/model/effect/Unlit_rain.mat
  artifactKey: Guid(b15dd209e5e450a4fa6a8a12b1a5051b) Importer(815301076,1909f56bfc062723c751e8b465ee728b)
Start importing Assets/model/effect/Unlit_rain.mat using Guid(b15dd209e5e450a4fa6a8a12b1a5051b) Importer(815301076,1909f56bfc062723c751e8b465ee728b)  -> (artifact id: '7ad169a0e3d6b7e618d38b9a5172975f') in 0.023287 seconds 
  Import took 0.027452 seconds .

========================================================================
Received Import Request.
  Time since last request: 102.908824 seconds.
  path: Assets/model/effect/rain.shader
  artifactKey: Guid(e1ff9fbb9e3e40341b51390a630777dc) Importer(815301076,1909f56bfc062723c751e8b465ee728b)
Start importing Assets/model/effect/rain.shader using Guid(e1ff9fbb9e3e40341b51390a630777dc) Importer(815301076,1909f56bfc062723c751e8b465ee728b)  -> (artifact id: '7f3177dac18ec1f521862148326a98c3') in 0.002764 seconds 
  Import took 0.007903 seconds .

========================================================================
Received Prepare
Registering precompiled user dll's ...
Registered in 0.003269 seconds.
Begin MonoManager ReloadAssembly
Native extension for WindowsStandalone target not found
Refreshing native plugins compatible for Editor in 0.55 ms, found 2 plugins.
Preloading 0 native plugins for Editor in 0.00 ms.
Mono: successfully reloaded assembly
- Completed reload, in  0.685 seconds
Domain Reload Profiling:
	ReloadAssembly (685ms)
		BeginReloadAssembly (84ms)
			ExecutionOrderSort (0ms)
			DisableScriptedObjects (3ms)
			BackupInstance (0ms)
			ReleaseScriptingObjects (0ms)
			CreateAndSetChildDomain (30ms)
		EndReloadAssembly (567ms)
			LoadAssemblies (57ms)
			RebuildTransferFunctionScriptingTraits (0ms)
			SetupTypeCache (196ms)
			ReleaseScriptCaches (1ms)
			RebuildScriptCaches (24ms)
			SetupLoadedEditorAssemblies (232ms)
				LogAssemblyErrors (0ms)
				InitializePlatformSupportModulesInManaged (3ms)
				SetLoadedEditorAssemblies (0ms)
				RefreshPlugins (1ms)
				BeforeProcessingInitializeOnLoad (38ms)
				ProcessInitializeOnLoadAttributes (181ms)
				ProcessInitializeOnLoadMethodAttributes (8ms)
				AfterProcessingInitializeOnLoad (1ms)
				EditorAssembliesLoaded (0ms)
			ExecutionOrderSort2 (0ms)
			AwakeInstancesAfterBackupRestoration (3ms)
Platform modules already initialized, skipping
Refreshing native plugins compatible for Editor in 0.48 ms, found 2 plugins.
Preloading 0 native plugins for Editor in 0.00 ms.
Unloading 2993 Unused Serialized files (Serialized files now loaded: 0)
System memory in use before: 155.5 MB.
System memory in use after: 154.4 MB.

Unloading 35 unused Assets to reduce memory usage. Loaded Objects now: 3522.
Total: 3.015100 ms (FindLiveObjects: 0.162600 ms CreateObjectMapping: 0.057800 ms MarkObjects: 2.241200 ms  DeleteObjects: 0.552700 ms)

AssetImportParameters requested are different than current active one (requested -> active):
  custom:framework-win-MediaFoundation: 216162199b28c13a410421893ffa2e32 -> 
  custom:video-decoder-ogg-theora: a1e56fd34408186e4bbccfd4996cb3dc -> 
  custom:container-muxer-webm: aa71ff27fc2769a1b78a27578f13a17b -> 
  custom:container-demuxer-webm: 4f35f7cbe854078d1ac9338744f61a02 -> 
  custom:container-demuxer-ogg: 62fdf1f143b41e24485cea50d1cbac27 -> 
  custom:video-encoder-webm-vp8: eb34c28f22e8b96e1ab97ce403110664 -> 
  custom:video-codec-MediaFoundation-h265: 746d11721c4dcdbdad8f713fa42b33f4 -> 
  custom:video-decoder-webm-vp8: 9c59270c3fd7afecdb556c50c9e8de78 -> 
  custom:audio-decoder-ogg-vorbis: bf7c407c2cedff20999df2af8eb42d56 -> 
  custom:audio-encoder-webm-vorbis: bf7c407c2cedff20999df2af8eb42d56 -> 
========================================================================
Received Import Request.
  Time since last request: 128.862235 seconds.
  path: Assets/model/effect/rain.shader
  artifactKey: Guid(e1ff9fbb9e3e40341b51390a630777dc) Importer(815301076,1909f56bfc062723c751e8b465ee728b)
Start importing Assets/model/effect/rain.shader using Guid(e1ff9fbb9e3e40341b51390a630777dc) Importer(815301076,1909f56bfc062723c751e8b465ee728b)  -> (artifact id: 'f26548053e6b77c8d84b8cf483c26bf0') in 0.018288 seconds 
  Import took 0.028317 seconds .

========================================================================
Received Import Request.
  Time since last request: 5.627343 seconds.
  path: Assets/model/effect/Unlit_rain.mat
  artifactKey: Guid(b15dd209e5e450a4fa6a8a12b1a5051b) Importer(815301076,1909f56bfc062723c751e8b465ee728b)
Start importing Assets/model/effect/Unlit_rain.mat using Guid(b15dd209e5e450a4fa6a8a12b1a5051b) Importer(815301076,1909f56bfc062723c751e8b465ee728b)  -> (artifact id: 'c65964024187a38f12ac8b03070ff06b') in 0.040911 seconds 
  Import took 0.044570 seconds .

========================================================================
Received Prepare
Registering precompiled user dll's ...
Registered in 0.005418 seconds.
Begin MonoManager ReloadAssembly
Native extension for WindowsStandalone target not found
Refreshing native plugins compatible for Editor in 0.44 ms, found 2 plugins.
Preloading 0 native plugins for Editor in 0.00 ms.
Mono: successfully reloaded assembly
- Completed reload, in  0.809 seconds
Domain Reload Profiling:
	ReloadAssembly (809ms)
		BeginReloadAssembly (102ms)
			ExecutionOrderSort (0ms)
			DisableScriptedObjects (3ms)
			BackupInstance (0ms)
			ReleaseScriptingObjects (0ms)
			CreateAndSetChildDomain (34ms)
		EndReloadAssembly (673ms)
			LoadAssemblies (70ms)
			RebuildTransferFunctionScriptingTraits (0ms)
			SetupTypeCache (229ms)
			ReleaseScriptCaches (1ms)
			RebuildScriptCaches (22ms)
			SetupLoadedEditorAssemblies (298ms)
				LogAssemblyErrors (0ms)
				InitializePlatformSupportModulesInManaged (2ms)
				SetLoadedEditorAssemblies (0ms)
				RefreshPlugins (0ms)
				BeforeProcessingInitializeOnLoad (48ms)
				ProcessInitializeOnLoadAttributes (233ms)
				ProcessInitializeOnLoadMethodAttributes (11ms)
				AfterProcessingInitializeOnLoad (2ms)
				EditorAssembliesLoaded (0ms)
			ExecutionOrderSort2 (0ms)
			AwakeInstancesAfterBackupRestoration (5ms)
Platform modules already initialized, skipping
Refreshing native plugins compatible for Editor in 0.60 ms, found 2 plugins.
Preloading 0 native plugins for Editor in 0.00 ms.
Unloading 2992 Unused Serialized files (Serialized files now loaded: 0)
System memory in use before: 155.4 MB.
System memory in use after: 154.4 MB.

Unloading 35 unused Assets to reduce memory usage. Loaded Objects now: 3526.
Total: 4.052500 ms (FindLiveObjects: 0.214800 ms CreateObjectMapping: 0.074300 ms MarkObjects: 2.940900 ms  DeleteObjects: 0.820900 ms)

AssetImportParameters requested are different than current active one (requested -> active):
  custom:framework-win-MediaFoundation: 216162199b28c13a410421893ffa2e32 -> 
  custom:video-decoder-ogg-theora: a1e56fd34408186e4bbccfd4996cb3dc -> 
  custom:container-muxer-webm: aa71ff27fc2769a1b78a27578f13a17b -> 
  custom:container-demuxer-webm: 4f35f7cbe854078d1ac9338744f61a02 -> 
  custom:container-demuxer-ogg: 62fdf1f143b41e24485cea50d1cbac27 -> 
  custom:video-encoder-webm-vp8: eb34c28f22e8b96e1ab97ce403110664 -> 
  custom:video-codec-MediaFoundation-h265: 746d11721c4dcdbdad8f713fa42b33f4 -> 
  custom:video-decoder-webm-vp8: 9c59270c3fd7afecdb556c50c9e8de78 -> 
  custom:audio-decoder-ogg-vorbis: bf7c407c2cedff20999df2af8eb42d56 -> 
  custom:audio-encoder-webm-vorbis: bf7c407c2cedff20999df2af8eb42d56 -> 
========================================================================
Received Import Request.
  Time since last request: 1461.132489 seconds.
  path: Assets/model/effect/rain.shader
  artifactKey: Guid(e1ff9fbb9e3e40341b51390a630777dc) Importer(815301076,1909f56bfc062723c751e8b465ee728b)
Start importing Assets/model/effect/rain.shader using Guid(e1ff9fbb9e3e40341b51390a630777dc) Importer(815301076,1909f56bfc062723c751e8b465ee728b)  -> (artifact id: 'e87d237bb44a972c218e8f813e123db8') in 0.021923 seconds 
  Import took 0.027003 seconds .

========================================================================
Received Import Request.
  Time since last request: 12.232445 seconds.
  path: Assets/model/effect/Unlit_rain.mat
  artifactKey: Guid(b15dd209e5e450a4fa6a8a12b1a5051b) Importer(815301076,1909f56bfc062723c751e8b465ee728b)
Start importing Assets/model/effect/Unlit_rain.mat using Guid(b15dd209e5e450a4fa6a8a12b1a5051b) Importer(815301076,1909f56bfc062723c751e8b465ee728b)  -> (artifact id: 'f2933dc1aa2efa5d1a00fd300ccdf49c') in 0.042745 seconds 
  Import took 0.046191 seconds .

AssetImportWorkerClient::OnTransportError - code=2 error=End of file
